2023-01-20 10:12:48.980  INFO 13712 --- [restartedMain] com.ssafy.BackendApplication             : Starting BackendApplication using Java 11 on DESKTOP-DOGVPUB with PID 13712 (C:\Users\SSAFY\Documents\D209\workspace\S08P12D209\backend\build\classes\java\main started by SSAFY in C:\Users\SSAFY\Documents\D209\workspace\S08P12D209\backend)
2023-01-20 10:12:48.984  INFO 13712 --- [restartedMain] com.ssafy.BackendApplication             : No active profile set, falling back to 1 default profile: "default"
2023-01-20 10:12:49.010  INFO 13712 --- [restartedMain] .e.DevToolsPropertyDefaultsPostProcessor : Devtools property defaults active! Set 'spring.devtools.add-properties' to 'false' to disable
2023-01-20 10:12:49.010  INFO 13712 --- [restartedMain] .e.DevToolsPropertyDefaultsPostProcessor : For additional web related logging consider setting the 'logging.level.web' property to 'DEBUG'
2023-01-20 10:12:49.640  INFO 13712 --- [restartedMain] .s.d.r.c.RepositoryConfigurationDelegate : Bootstrapping Spring Data JPA repositories in DEFAULT mode.
2023-01-20 10:12:49.673  INFO 13712 --- [restartedMain] .s.d.r.c.RepositoryConfigurationDelegate : Finished Spring Data repository scanning in 28 ms. Found 1 JPA repository interfaces.
2023-01-20 10:12:49.877  INFO 13712 --- [restartedMain] trationDelegate$BeanPostProcessorChecker : Bean 'org.springframework.ws.config.annotation.DelegatingWsConfiguration' of type [org.springframework.ws.config.annotation.DelegatingWsConfiguration$$EnhancerBySpringCGLIB$$3f1137f0] is not eligible for getting processed by all BeanPostProcessors (for example: not eligible for auto-proxying)
2023-01-20 10:12:49.927  INFO 13712 --- [restartedMain] .w.s.a.s.AnnotationActionEndpointMapping : Supporting [WS-Addressing August 2004, WS-Addressing 1.0]
2023-01-20 10:12:50.225  INFO 13712 --- [restartedMain] o.s.b.w.embedded.tomcat.TomcatWebServer  : Tomcat initialized with port(s): 8080 (http)
2023-01-20 10:12:50.231  INFO 13712 --- [restartedMain] o.apache.catalina.core.StandardService   : Starting service [Tomcat]
2023-01-20 10:12:50.232  INFO 13712 --- [restartedMain] org.apache.catalina.core.StandardEngine  : Starting Servlet engine: [Apache Tomcat/9.0.70]
2023-01-20 10:12:50.307  INFO 13712 --- [restartedMain] o.a.c.c.C.[Tomcat].[localhost].[/]       : Initializing Spring embedded WebApplicationContext
2023-01-20 10:12:50.307  INFO 13712 --- [restartedMain] w.s.c.ServletWebServerApplicationContext : Root WebApplicationContext: initialization completed in 1297 ms
2023-01-20 10:12:50.324  INFO 13712 --- [restartedMain] com.zaxxer.hikari.HikariDataSource       : HikariPool-1 - Starting...
2023-01-20 10:12:50.524  INFO 13712 --- [restartedMain] com.zaxxer.hikari.HikariDataSource       : HikariPool-1 - Start completed.
2023-01-20 10:12:50.531  INFO 13712 --- [restartedMain] o.s.b.a.h2.H2ConsoleAutoConfiguration    : H2 console available at '/h2-console'. Database available at 'jdbc:mysql://localhost:3306/ham_test_db?useUnicode=true&characterEncoding=utf8&serverTimezone=Asia/Seoul&zeroDateTimeBehavior=convertToNull&rewriteBatchedStatements=true'
2023-01-20 10:12:50.557 DEBUG 13712 --- [restartedMain] o.s.web.filter.CharacterEncodingFilter   : Filter 'characterEncodingFilter' configured for use
2023-01-20 10:12:50.629  INFO 13712 --- [restartedMain] o.hibernate.jpa.internal.util.LogHelper  : HHH000204: Processing PersistenceUnitInfo [name: default]
2023-01-20 10:12:50.674  INFO 13712 --- [restartedMain] org.hibernate.Version                    : HHH000412: Hibernate ORM core version 5.6.14.Final
2023-01-20 10:12:50.773  INFO 13712 --- [restartedMain] o.hibernate.annotations.common.Version   : HCANN000001: Hibernate Commons Annotations {5.1.2.Final}
2023-01-20 10:12:50.847  INFO 13712 --- [restartedMain] org.hibernate.dialect.Dialect            : HHH000400: Using dialect: org.hibernate.dialect.MySQL57Dialect
2023-01-20 10:12:51.199  INFO 13712 --- [restartedMain] o.h.e.t.j.p.i.JtaPlatformInitiator       : HHH000490: Using JtaPlatform implementation: [org.hibernate.engine.transaction.jta.platform.internal.NoJtaPlatform]
2023-01-20 10:12:51.204  INFO 13712 --- [restartedMain] j.LocalContainerEntityManagerFactoryBean : Initialized JPA EntityManagerFactory for persistence unit 'default'
2023-01-20 10:12:51.568  WARN 13712 --- [restartedMain] JpaBaseConfiguration$JpaWebConfiguration : spring.jpa.open-in-view is enabled by default. Therefore, database queries may be performed during view rendering. Explicitly configure spring.jpa.open-in-view to disable this warning
2023-01-20 10:12:51.606 DEBUG 13712 --- [restartedMain] s.w.s.m.m.a.RequestMappingHandlerMapping : 8 mappings in 'requestMappingHandlerMapping'
2023-01-20 10:12:51.707  INFO 13712 --- [restartedMain] o.s.b.d.a.OptionalLiveReloadServer       : LiveReload server is running on port 35729
2023-01-20 10:12:51.709 DEBUG 13712 --- [restartedMain] s.w.s.m.m.a.RequestMappingHandlerAdapter : ControllerAdvice beans: 0 @ModelAttribute, 0 @InitBinder, 1 RequestBodyAdvice, 1 ResponseBodyAdvice
2023-01-20 10:12:51.728 DEBUG 13712 --- [restartedMain] o.s.w.s.handler.SimpleUrlHandlerMapping  : Patterns [/swagger-ui/] in 'viewControllerHandlerMapping'
2023-01-20 10:12:51.733 DEBUG 13712 --- [restartedMain] o.s.w.s.c.annotation.WebMvcConfigurer    : Default resource handling disabled
2023-01-20 10:12:51.737 DEBUG 13712 --- [restartedMain] o.s.w.s.handler.SimpleUrlHandlerMapping  : Patterns [/swagger-ui/**] in 'resourceHandlerMapping'
2023-01-20 10:12:51.740 DEBUG 13712 --- [restartedMain] .m.m.a.ExceptionHandlerExceptionResolver : ControllerAdvice beans: 0 @ExceptionHandler, 1 ResponseBodyAdvice
2023-01-20 10:12:51.857  INFO 13712 --- [restartedMain] o.s.b.w.embedded.tomcat.TomcatWebServer  : Tomcat started on port(s): 8080 (http) with context path ''
2023-01-20 10:12:51.979  INFO 13712 --- [restartedMain] com.ssafy.BackendApplication             : Started BackendApplication in 3.231 seconds (JVM running for 3.987)
